Flutter crash report; please file at https://github.com/flutter/flutter/issues.

## command

flutter build apk

## exception

ProcessException: ProcessException: Process "/home/geertjohan/src/github.com/go-flutter-desktop/examples/simple_demo/android/gradlew" exited abnormally:
Error: Could not find or load main class org.gradle.wrapper.GradleWrapperMain
  Command: /home/geertjohan/src/github.com/go-flutter-desktop/examples/simple_demo/android/gradlew -v

```
#0      runCheckedAsync (package:flutter_tools/src/base/process.dart:255:5)
<asynchronous suspension>
#1      _initializeGradle (package:flutter_tools/src/android/gradle.dart:225:9)
<asynchronous suspension>
#2      _ensureGradle (package:flutter_tools/src/android/gradle.dart:206:37)
<asynchronous suspension>
#3      buildGradleProject (package:flutter_tools/src/android/gradle.dart:336:31)
<asynchronous suspension>
#4      buildApk (package:flutter_tools/src/android/apk.dart:34:9)
<asynchronous suspension>
#5      BuildApkCommand.runCommand (package:flutter_tools/src/commands/build_apk.dart:45:11)
<asynchronous suspension>
#6      FlutterCommand.verifyThenRunCommand (package:flutter_tools/src/runner/flutter_command.dart:549:18)
#7      _asyncThenWrapperHelper.<anonymous closure> (dart:async/runtime/lib/async_patch.dart:77:64)
#8      _rootRunUnary (dart:async/zone.dart:1132:38)
#9      _CustomZone.runUnary (dart:async/zone.dart:1029:19)
#10     _FutureListener.handleValue (dart:async/future_impl.dart:126:18)
#11     Future._propagateToListeners.handleValueCallback (dart:async/future_impl.dart:639:45)
#12     Future._propagateToListeners (dart:async/future_impl.dart:668:32)
#13     Future._complete (dart:async/future_impl.dart:473:7)
#14     _SyncCompleter.complete (dart:async/future_impl.dart:51:12)
#15     _AsyncAwaitCompleter.complete.<anonymous closure> (dart:async/runtime/lib/async_patch.dart:33:20)
#16     _rootRun (dart:async/zone.dart:1124:13)
#17     _CustomZone.run (dart:async/zone.dart:1021:19)
#18     _CustomZone.bindCallback.<anonymous closure> (dart:async/zone.dart:947:23)
#19     _microtaskLoop (dart:async/schedule_microtask.dart:41:21)
#20     _startMicrotaskLoop (dart:async/schedule_microtask.dart:50:5)
#21     _runPendingImmediateCallback (dart:isolate/runtime/lib/isolate_patch.dart:115:13)
#22     _RawReceivePortImpl._handleMessage (dart:isolate/runtime/lib/isolate_patch.dart:172:5)
```

## flutter doctor

```
[✓] Flutter (Channel beta, v1.3.8, on Linux, locale en_US.UTF-8)
    • Flutter version 1.3.8 at /home/geertjohan/apps/flutter
    • Framework revision e5b1ed7a7f (4 weeks ago), 2019-03-06 14:23:37 -0800
    • Engine revision f4951df193
    • Dart version 2.2.1 (build 2.2.1-dev.0.0 571ea80e11)

[✓] Android toolchain - develop for Android devices (Android SDK version 28.0.3)
    • Android SDK at /home/geertjohan/apps/android-sdk
    • Android NDK location not configured (optional; useful for native profiling
      support)
    • Platform android-28, build-tools 28.0.3
    • ANDROID_HOME = /home/geertjohan/apps/android-sdk
    • Java binary at: /home/geertjohan/apps/android-studio/jre/bin/java
    • Java version OpenJDK Runtime Environment (build 1.8.0_152-release-1248-b01)
    • All Android licenses accepted.

[✓] Android Studio (version 3.3)
    • Android Studio at /home/geertjohan/apps/android-studio
    • Flutter plugin version 33.4.1
    • Dart plugin version 182.5215
    • Java version OpenJDK Runtime Environment (build 1.8.0_152-release-1248-b01)

[✓] VS Code (version 1.32.3)
    • VS Code at /usr/share/code
    • Flutter extension version 2.25.0

[!] Connected device
    ! No devices available

! Doctor found issues in 1 category.
```
